Using pre-set license
Built from '2021.3/staging' branch; Version is '2021.3.14f1 (eee1884e7226) revision 15655304'; Using compiler version '192829333'; Build Type 'Release'
OS: 'Windows 10  (10.0.19045) 64bit Professional' Language: 'ru' Physical Memory: 16088 MB
BatchMode: 1, IsHumanControllingUs: 0, StartBugReporterOnCrash: 0, Is64bit: 1, IsPro: 1

COMMAND LINE ARGUMENTS:
E:\2021.3.14f1\Editor\Unity.exe
-adb2
-batchMode
-noUpm
-name
AssetImportWorker2
-projectPath
E:/ReleaseInspTable/InspearedTable_Release
-logFile
Logs/AssetImportWorker2.log
-srvPort
57805
Successfully changed project path to: E:/ReleaseInspTable/InspearedTable_Release
E:/ReleaseInspTable/InspearedTable_Release
[UnityMemory] Configuration Parameters - Can be set up in boot.config
    "memorysetup-bucket-allocator-granularity=16"
    "memorysetup-bucket-allocator-bucket-count=8"
    "memorysetup-bucket-allocator-block-size=33554432"
    "memorysetup-bucket-allocator-block-count=8"
    "memorysetup-main-allocator-block-size=16777216"
    "memorysetup-thread-allocator-block-size=16777216"
    "memorysetup-gfx-main-allocator-block-size=16777216"
    "memorysetup-gfx-thread-allocator-block-size=16777216"
    "memorysetup-cache-allocator-block-size=4194304"
    "memorysetup-typetree-allocator-block-size=2097152"
    "memorysetup-profiler-bucket-allocator-granularity=16"
    "memorysetup-profiler-bucket-allocator-bucket-count=8"
    "memorysetup-profiler-bucket-allocator-block-size=33554432"
    "memorysetup-profiler-bucket-allocator-block-count=8"
    "memorysetup-profiler-allocator-block-size=16777216"
    "memorysetup-profiler-editor-allocator-block-size=1048576"
    "memorysetup-temp-allocator-size-main=16777216"
    "memorysetup-job-temp-allocator-block-size=2097152"
    "memorysetup-job-temp-allocator-block-size-background=1048576"
    "memorysetup-job-temp-allocator-reduction-small-platforms=262144"
    "memorysetup-temp-allocator-size-background-worker=32768"
    "memorysetup-temp-allocator-size-job-worker=262144"
    "memorysetup-temp-allocator-size-preload-manager=33554432"
    "memorysetup-temp-allocator-size-nav-mesh-worker=65536"
    "memorysetup-temp-allocator-size-audio-worker=65536"
    "memorysetup-temp-allocator-size-cloud-worker=32768"
    "memorysetup-temp-allocator-size-gi-baking-worker=262144"
    "memorysetup-temp-allocator-size-gfx=262144"
Refreshing native plugins compatible for Editor in 91.24 ms, found 6 plugins.
Preloading 0 native plugins for Editor in 0.00 ms.
Initialize engine version: 2021.3.14f1 (eee1884e7226)
[Subsystems] Discovering subsystems at path E:/2021.3.14f1/Editor/Data/Resources/UnitySubsystems
[Subsystems] Discovering subsystems at path E:/ReleaseInspTable/InspearedTable_Release/Assets
GfxDevice: creating device client; threaded=0; jobified=0
Direct3D:
    Version:  Direct3D 11.0 [level 11.1]
    Renderer: NVIDIA GeForce RTX 3070 Laptop GPU (ID=0x249d)
    Vendor:   NVIDIA
    VRAM:     8044 MB
    Driver:   30.0.15.1295
Initialize mono
Mono path[0] = 'E:/2021.3.14f1/Editor/Data/Managed'
Mono path[1] = 'E:/2021.3.14f1/Editor/Data/MonoBleedingEdge/lib/mono/unityjit-win32'
Mono config path = 'E:/2021.3.14f1/Editor/Data/MonoBleedingEdge/etc'
Using monoOptions --debugger-agent=transport=dt_socket,embedding=1,server=y,suspend=n,address=127.0.0.1:56308
Begin MonoManager ReloadAssembly
Registering precompiled unity dll's ...
Register platform support module: E:/2021.3.14f1/Editor/Data/PlaybackEngines/AndroidPlayer/UnityEditor.Android.Extensions.dll
Register platform support module: E:/2021.3.14f1/Editor/Data/PlaybackEngines/WindowsStandaloneSupport/UnityEditor.WindowsStandalone.Extensions.dll
Registered in 0.002567 seconds.
Native extension for WindowsStandalone target not found
Native extension for Android target not found
Refreshing native plugins compatible for Editor in 89.43 ms, found 6 plugins.
Preloading 0 native plugins for Editor in 0.00 ms.
Mono: successfully reloaded assembly
- Completed reload, in  0.673 seconds
Domain Reload Profiling:
	ReloadAssembly (674ms)
		BeginReloadAssembly (62ms)
			ExecutionOrderSort (0ms)
			DisableScriptedObjects (0ms)
			BackupInstance (0ms)
			ReleaseScriptingObjects (0ms)
			CreateAndSetChildDomain (0ms)
		EndReloadAssembly (511ms)
			LoadAssemblies (62ms)
			RebuildTransferFunctionScriptingTraits (0ms)
			SetupTypeCache (106ms)
			ReleaseScriptCaches (0ms)
			RebuildScriptCaches (35ms)
			SetupLoadedEditorAssemblies (310ms)
				LogAssemblyErrors (0ms)
				InitializePlatformSupportModulesInManaged (59ms)
				SetLoadedEditorAssemblies (0ms)
				RefreshPlugins (90ms)
				BeforeProcessingInitializeOnLoad (2ms)
				ProcessInitializeOnLoadAttributes (106ms)
				ProcessInitializeOnLoadMethodAttributes (54ms)
				AfterProcessingInitializeOnLoad (0ms)
				EditorAssembliesLoaded (0ms)
			ExecutionOrderSort2 (0ms)
			AwakeInstancesAfterBackupRestoration (0ms)
Platform modules already initialized, skipping
Registering precompiled user dll's ...
Registered in 0.007462 seconds.
Begin MonoManager ReloadAssembly
Symbol file LoadedFromMemory doesn't match image E:\ReleaseInspTable\InspearedTable_Release\Library\PackageCache\com.unity.visualscripting@1.7.8\Editor\VisualScripting.Core\Dependencies\DotNetZip\Unity.VisualScripting.IonicZip.dll
Symbol file LoadedFromMemory doesn't match image E:\ReleaseInspTable\InspearedTable_Release\Library\PackageCache\com.unity.visualscripting@1.7.8\Editor\VisualScripting.Core\Dependencies\YamlDotNet\Unity.VisualScripting.YamlDotNet.dll
Native extension for WindowsStandalone target not found
Native extension for Android target not found
Refreshing native plugins compatible for Editor in 0.91 ms, found 6 plugins.
Preloading 0 native plugins for Editor in 0.00 ms.
Unable to write to 'ProjectSettings\GvhProjectSettings.xml' (System.IO.IOException: Sharing violation on path E:\ReleaseInspTable\InspearedTable_Release\ProjectSettings\GvhProjectSettings.xml
  at System.IO.FileStream..ctor (System.String path, System.IO.FileMode mode, System.IO.FileAccess access, System.IO.FileShare share, System.Int32 bufferSize, System.Boolean anonymous, System.IO.FileOptions options) [0x0019e] in <d6232873609549b8a045fa15811a5bd3>:0 
  at System.IO.FileStream..ctor (System.String path, System.IO.FileMode mode, System.IO.FileAccess access, System.IO.FileShare share, System.Int32 bufferSize, System.IO.FileOptions options) [0x00000] in <d6232873609549b8a045fa15811a5bd3>:0 
  at System.IO.FileStream..ctor (System.String path, System.IO.FileMode mode, System.IO.FileAccess access, System.IO.FileShare share, System.Int32 bufferSize, System.Boolean useAsync) [0x00000] in <d6232873609549b8a045fa15811a5bd3>:0 
  at (wrapper remoting-invoke-with-check) System.IO.FileStream..ctor(string,System.IO.FileMode,System.IO.FileAccess,System.IO.FileShare,int,bool)
  at System.Xml.XmlWriterSettings.CreateWriter (System.String outputFileName) [0x00051] in <0313f29eb857419498961dc39155d5eb>:0 
  at System.Xml.XmlWriter.Create (System.String outputFileName, System.Xml.XmlWriterSettings settings) [0x0000a] in <0313f29eb857419498961dc39155d5eb>:0 
  at Google.ProjectSettings.Save () [0x00079] in /Users/amaurice/Documents/GitHub/unity-jar-resolver/source/VersionHandlerImpl/src/ProjectSettings.cs:821 , Project settings were not saved!
UnityEngine.StackTraceUtility:ExtractStackTrace ()
UnityEngine.DebugLogHandler:LogFormat (UnityEngine.LogType,UnityEngine.Object,string,object[])
UnityEngine.Logger:Log (UnityEngine.LogType,object)
UnityEngine.Debug:LogError (object)
Google.Logger:Log (string,Google.LogLevel) (at /Users/amaurice/Documents/GitHub/unity-jar-resolver/source/VersionHandlerImpl/src/Logger.cs:136)
Google.ProjectSettings:Save () (at /Users/amaurice/Documents/GitHub/unity-jar-resolver/source/VersionHandlerImpl/src/ProjectSettings.cs:844)
Google.ProjectSettings:SetBool (string,bool,Google.SettingsLocation) (at /Users/amaurice/Documents/GitHub/unity-jar-resolver/source/VersionHandlerImpl/src/ProjectSettings.cs:485)
Google.ProjectSettings:SetBool (string,bool) (at /Users/amaurice/Documents/GitHub/unity-jar-resolver/source/VersionHandlerImpl/src/ProjectSettings.cs:497)
Google.IOSResolver:set_VerboseLoggingEnabled (bool) (at /Users/amaurice/Documents/GitHub/unity-jar-resolver/source/IOSResolver/src/IOSResolver.cs:1041)
Google.IOSResolver:.cctor () (at /Users/amaurice/Documents/GitHub/unity-jar-resolver/source/IOSResolver/src/IOSResolver.cs:727)
System.Runtime.CompilerServices.RuntimeHelpers:RunClassConstructor (System.RuntimeTypeHandle)
UnityEditor.EditorAssemblies:ProcessInitializeOnLoadAttributes (System.Type[])

(Filename: /Users/amaurice/Documents/GitHub/unity-jar-resolver/source/VersionHandlerImpl/src/ProjectSettings.cs Line: 844)

Mono: successfully reloaded assembly
- Completed reload, in  1.319 seconds
Domain Reload Profiling:
	ReloadAssembly (1320ms)
		BeginReloadAssembly (202ms)
			ExecutionOrderSort (0ms)
			DisableScriptedObjects (6ms)
			BackupInstance (0ms)
			ReleaseScriptingObjects (0ms)
			CreateAndSetChildDomain (132ms)
		EndReloadAssembly (1004ms)
			LoadAssemblies (62ms)
			RebuildTransferFunctionScriptingTraits (0ms)
			SetupTypeCache (305ms)
			ReleaseScriptCaches (1ms)
			RebuildScriptCaches (70ms)
			SetupLoadedEditorAssemblies (497ms)
				LogAssemblyErrors (0ms)
				InitializePlatformSupportModulesInManaged (14ms)
				SetLoadedEditorAssemblies (1ms)
				RefreshPlugins (1ms)
				BeforeProcessingInitializeOnLoad (97ms)
				ProcessInitializeOnLoadAttributes (352ms)
				ProcessInitializeOnLoadMethodAttributes (29ms)
				AfterProcessingInitializeOnLoad (3ms)
				EditorAssembliesLoaded (0ms)
			ExecutionOrderSort2 (0ms)
			AwakeInstancesAfterBackupRestoration (9ms)
Platform modules already initialized, skipping
========================================================================
Worker process is ready to serve import requests
Launched and connected shader compiler UnityShaderCompiler.exe after 0.04 seconds
Refreshing native plugins compatible for Editor in 0.65 ms, found 6 plugins.
Preloading 0 native plugins for Editor in 0.00 ms.
Unloading 4417 Unused Serialized files (Serialized files now loaded: 0)
Unloading 62 unused Assets / (58.0 KB). Loaded Objects now: 4863.
Memory consumption went from 152.6 MB to 152.6 MB.
Total: 2.747600 ms (FindLiveObjects: 0.217400 ms CreateObjectMapping: 0.111400 ms MarkObjects: 2.346300 ms  DeleteObjects: 0.071400 ms)

AssetImportParameters requested are different than current active one (requested -> active):
  custom:video-decoder-ogg-theora: a1e56fd34408186e4bbccfd4996cb3dc -> 
  custom:container-muxer-webm: aa71ff27fc2769a1b78a27578f13a17b -> 
  custom:container-demuxer-webm: 4f35f7cbe854078d1ac9338744f61a02 -> 
  custom:video-encoder-webm-vp8: eb34c28f22e8b96e1ab97ce403110664 -> 
  custom:audio-encoder-webm-vorbis: bf7c407c2cedff20999df2af8eb42d56 -> 
  custom:framework-win-MediaFoundation: 216162199b28c13a410421893ffa2e32 -> 
  custom:container-demuxer-ogg: 62fdf1f143b41e24485cea50d1cbac27 -> 
  custom:video-decoder-webm-vp8: 9c59270c3fd7afecdb556c50c9e8de78 -> 
  custom:audio-decoder-ogg-vorbis: bf7c407c2cedff20999df2af8eb42d56 -> 
========================================================================
Received Import Request.
  Time since last request: 158377.897658 seconds.
  path: Assets/Scenes/Prefabs/ClearCloud.prefab
  artifactKey: Guid(36f3ba08a01205047b2e77504c8a80d6) Importer(815301076,1909f56bfc062723c751e8b465ee728b)
Start importing Assets/Scenes/Prefabs/ClearCloud.prefab using Guid(36f3ba08a01205047b2e77504c8a80d6) Importer(815301076,1909f56bfc062723c751e8b465ee728b)  -> (artifact id: '956aa9aefbc3119107004de22d1fa2b2') in 0.126779 seconds 
========================================================================
Received Import Request.
  Time since last request: 0.000023 seconds.
  path: Assets/Scenes/Prefabs/ThirdCrown.prefab
  artifactKey: Guid(3618d922cc12391438b55f0c9a082575) Importer(815301076,1909f56bfc062723c751e8b465ee728b)
Start importing Assets/Scenes/Prefabs/ThirdCrown.prefab using Guid(3618d922cc12391438b55f0c9a082575) Importer(815301076,1909f56bfc062723c751e8b465ee728b)  -> (artifact id: '387d8a1d4563b9e71b304c1e8ed0968b') in 0.007497 seconds 
========================================================================
Received Import Request.
  Time since last request: 0.000030 seconds.
  path: Assets/Scenes/Prefabs/SecondCrown.prefab
  artifactKey: Guid(609e2d8911a312d4eb83d10958f026d1) Importer(815301076,1909f56bfc062723c751e8b465ee728b)
Start importing Assets/Scenes/Prefabs/SecondCrown.prefab using Guid(609e2d8911a312d4eb83d10958f026d1) Importer(815301076,1909f56bfc062723c751e8b465ee728b)  -> (artifact id: '52856e6edb2807bdf5f2aa3fa804aebb') in 0.006151 seconds 
========================================================================
Received Import Request.
  Time since last request: 0.000026 seconds.
  path: Assets/Scenes/Prefabs/ImageColor.prefab
  artifactKey: Guid(1c6d53e69a5ff084e820227e906400d8) Importer(815301076,1909f56bfc062723c751e8b465ee728b)
Start importing Assets/Scenes/Prefabs/ImageColor.prefab using Guid(1c6d53e69a5ff084e820227e906400d8) Importer(815301076,1909f56bfc062723c751e8b465ee728b)  -> (artifact id: '04388c74489b575e8580b18c32abc72c') in 0.004641 seconds 
========================================================================
Received Import Request.
  Time since last request: 0.000021 seconds.
  path: Assets/Scenes/Prefabs/TextNumber.prefab
  artifactKey: Guid(dec1c6775ab73024d9b5109ea68966b4) Importer(815301076,1909f56bfc062723c751e8b465ee728b)
Start importing Assets/Scenes/Prefabs/TextNumber.prefab using Guid(dec1c6775ab73024d9b5109ea68966b4) Importer(815301076,1909f56bfc062723c751e8b465ee728b)  -> (artifact id: '2c1b9ea5197d803c611f1a67226261b9') in 0.006280 seconds 
========================================================================
Received Import Request.
  Time since last request: 12.370827 seconds.
  path: Assets/Resources/Music/Click.mp3
  artifactKey: Guid(1b22feb51382a5042be95ccd7d08c703) Importer(815301076,1909f56bfc062723c751e8b465ee728b)
Start importing Assets/Resources/Music/Click.mp3 using Guid(1b22feb51382a5042be95ccd7d08c703) Importer(815301076,1909f56bfc062723c751e8b465ee728b)  -> (artifact id: '6024b10e29a4713d2c067ebe52b01920') in 0.122140 seconds 
========================================================================
Received Import Request.
  Time since last request: 15.610160 seconds.
  path: Assets/GUI_Parts/Icons/skill_icon_01.png
  artifactKey: Guid(2d089513ae4adfc48a683c362ad9992c) Importer(815301076,1909f56bfc062723c751e8b465ee728b)
Start importing Assets/GUI_Parts/Icons/skill_icon_01.png using Guid(2d089513ae4adfc48a683c362ad9992c) Importer(815301076,1909f56bfc062723c751e8b465ee728b)  -> (artifact id: '17de7fb825d9fc147268970da0bea12d') in 0.052434 seconds 
========================================================================
Received Import Request.
  Time since last request: 0.000023 seconds.
  path: Assets/GUI_Parts/Icons/weapon_icon.png
  artifactKey: Guid(719c2201c2f5f6c4aafffaeb5abdf5f9) Importer(815301076,1909f56bfc062723c751e8b465ee728b)
Start importing Assets/GUI_Parts/Icons/weapon_icon.png using Guid(719c2201c2f5f6c4aafffaeb5abdf5f9) Importer(815301076,1909f56bfc062723c751e8b465ee728b)  -> (artifact id: '0405d246ecb4183c86217af80639871a') in 0.035640 seconds 
========================================================================
Received Import Request.
  Time since last request: 1.164322 seconds.
  path: Assets/GUI_Parts/Gui_parts/barmid_ready.png
  artifactKey: Guid(f7f681cd213d9a7488500ce745f2d4f8) Importer(815301076,1909f56bfc062723c751e8b465ee728b)
Start importing Assets/GUI_Parts/Gui_parts/barmid_ready.png using Guid(f7f681cd213d9a7488500ce745f2d4f8) Importer(815301076,1909f56bfc062723c751e8b465ee728b)  -> (artifact id: '248cb4489d08a06304c39946c423597a') in 0.210484 seconds 
========================================================================
Received Import Request.
  Time since last request: 0.000191 seconds.
  path: Assets/GUI_Parts/Gui_parts/Hp_line.png
  artifactKey: Guid(4f8e653bf1c0b054680c13a05741c202) Importer(815301076,1909f56bfc062723c751e8b465ee728b)
Start importing Assets/GUI_Parts/Gui_parts/Hp_line.png using Guid(4f8e653bf1c0b054680c13a05741c202) Importer(815301076,1909f56bfc062723c751e8b465ee728b)  -> (artifact id: 'a401becd171519e2dfa599125a3c95e5') in 0.034778 seconds 
========================================================================
Received Import Request.
  Time since last request: 0.000223 seconds.
  path: Assets/GUI_Parts/Gui_parts/button2.png
  artifactKey: Guid(711fb7a2b8e1ff54da609e52c3e729b8) Importer(815301076,1909f56bfc062723c751e8b465ee728b)
Start importing Assets/GUI_Parts/Gui_parts/button2.png using Guid(711fb7a2b8e1ff54da609e52c3e729b8) Importer(815301076,1909f56bfc062723c751e8b465ee728b)  -> (artifact id: '8fea677a10e24f56833e5b61e45c21b5') in 0.020671 seconds 
========================================================================
Received Import Request.
  Time since last request: 0.000027 seconds.
  path: Assets/GUI_Parts/Gui_parts/Frame_big.png
  artifactKey: Guid(c430351465fe1fc42a6bef5878a08253) Importer(815301076,1909f56bfc062723c751e8b465ee728b)
Start importing Assets/GUI_Parts/Gui_parts/Frame_big.png using Guid(c430351465fe1fc42a6bef5878a08253) Importer(815301076,1909f56bfc062723c751e8b465ee728b)  -> (artifact id: '613f62fd5810d68e0ed3af8e303589a5') in 0.187167 seconds 
========================================================================
Received Import Request.
  Time since last request: 1.488305 seconds.
  path: Assets/GUI_Parts/Gui_parts/warrior_silhouette_man.png
  artifactKey: Guid(cc8e2be9532fbc543af51c6932181466) Importer(815301076,1909f56bfc062723c751e8b465ee728b)
Start importing Assets/GUI_Parts/Gui_parts/warrior_silhouette_man.png using Guid(cc8e2be9532fbc543af51c6932181466) Importer(815301076,1909f56bfc062723c751e8b465ee728b)  -> (artifact id: '165fb413d12e2db4a7dcb94c5e9db3bf') in 0.114589 seconds 
========================================================================
Received Import Request.
  Time since last request: 4.312068 seconds.
  path: Assets/Hovl Studio/Procedural fire/Materials/FireSphere2.mat
  artifactKey: Guid(2e69c8c236ea65447a07e24d8cbed40b) Importer(815301076,1909f56bfc062723c751e8b465ee728b)
Start importing Assets/Hovl Studio/Procedural fire/Materials/FireSphere2.mat using Guid(2e69c8c236ea65447a07e24d8cbed40b) Importer(815301076,1909f56bfc062723c751e8b465ee728b)  -> (artifact id: '860773118cc15f63961d705ccc81b802') in 0.080523 seconds 
========================================================================
Received Import Request.
  Time since last request: 1.855064 seconds.
  path: Assets/Hovl Studio/Procedural fire/Prefabs/Magic fire 1.prefab
  artifactKey: Guid(25093a0593dc83043a7bc17ebba0e95d) Importer(815301076,1909f56bfc062723c751e8b465ee728b)
Start importing Assets/Hovl Studio/Procedural fire/Prefabs/Magic fire 1.prefab using Guid(25093a0593dc83043a7bc17ebba0e95d) Importer(815301076,1909f56bfc062723c751e8b465ee728b)  -> (artifact id: '161eec2af6ca1dfe552efb1a6e44a9a5') in 0.028873 seconds 
========================================================================
Received Import Request.
  Time since last request: 0.000024 seconds.
  path: Assets/Hovl Studio/Procedural fire/Prefabs/Magic fire pro yellow.prefab
  artifactKey: Guid(52d340ed9c2714c4f8aabf1f82df1b58) Importer(815301076,1909f56bfc062723c751e8b465ee728b)
Start importing Assets/Hovl Studio/Procedural fire/Prefabs/Magic fire pro yellow.prefab using Guid(52d340ed9c2714c4f8aabf1f82df1b58) Importer(815301076,1909f56bfc062723c751e8b465ee728b)  -> (artifact id: '7f867be6250c835eb0bc0113c95e4bf8') in 0.017745 seconds 
========================================================================
Received Import Request.
  Time since last request: 41.391797 seconds.
  path: Assets/TextMesh Pro/Resources/Fonts & Materials/LiberationSans SDF - Fallback.asset
  artifactKey: Guid(2e498d1c8094910479dc3e1b768306a4) Importer(815301076,1909f56bfc062723c751e8b465ee728b)
Start importing Assets/TextMesh Pro/Resources/Fonts & Materials/LiberationSans SDF - Fallback.asset using Guid(2e498d1c8094910479dc3e1b768306a4) Importer(815301076,1909f56bfc062723c751e8b465ee728b)  -> (artifact id: 'acbc98c2db0cd4dd5d57c1b1e270a397') in 0.027777 seconds 
========================================================================
Received Import Request.
  Time since last request: 6.933354 seconds.
  path: Assets/Editor Default Resources/Firebase/fb_analytics.png
  artifactKey: Guid(dc218b335b1d14cd5ae532f65042d829) Importer(815301076,1909f56bfc062723c751e8b465ee728b)
Start importing Assets/Editor Default Resources/Firebase/fb_analytics.png using Guid(dc218b335b1d14cd5ae532f65042d829) Importer(815301076,1909f56bfc062723c751e8b465ee728b)  -> (artifact id: 'bcac3962cbed5c55b506f497754e31e9') in 0.012617 seconds 
========================================================================
Received Import Request.
  Time since last request: 0.000022 seconds.
  path: Assets/Editor Default Resources/Firebase/fb_functions.png
  artifactKey: Guid(953367231f9e3e22e70e5d1c91a40fe5) Importer(815301076,1909f56bfc062723c751e8b465ee728b)
Start importing Assets/Editor Default Resources/Firebase/fb_functions.png using Guid(953367231f9e3e22e70e5d1c91a40fe5) Importer(815301076,1909f56bfc062723c751e8b465ee728b)  -> (artifact id: '2bebc82a01be670bd83a9c1510a1da26') in 0.022960 seconds 
========================================================================
Received Import Request.
  Time since last request: 23.294473 seconds.
  path: Assets/Scenes/Graphics/Freeui/ZOSMA/Main/Botton.png
  artifactKey: Guid(7f4dbb6f6530a6442b3bb0e862b4fff0) Importer(815301076,1909f56bfc062723c751e8b465ee728b)
Start importing Assets/Scenes/Graphics/Freeui/ZOSMA/Main/Botton.png using Guid(7f4dbb6f6530a6442b3bb0e862b4fff0) Importer(815301076,1909f56bfc062723c751e8b465ee728b)  -> (artifact id: '49ab95b167d689c2cbdba386f7ffd995') in 0.029672 seconds 
========================================================================
Received Import Request.
  Time since last request: 0.000019 seconds.
  path: Assets/Scenes/Graphics/Freeui/ZOSMA/Main/EXP.png
  artifactKey: Guid(f41dcb485907ee04db434cde9d7593dc) Importer(815301076,1909f56bfc062723c751e8b465ee728b)
Start importing Assets/Scenes/Graphics/Freeui/ZOSMA/Main/EXP.png using Guid(f41dcb485907ee04db434cde9d7593dc) Importer(815301076,1909f56bfc062723c751e8b465ee728b)  -> (artifact id: '87f70c0599311754fb46412d3c3ecf1f') in 0.016720 seconds 
========================================================================
Received Import Request.
  Time since last request: 0.000020 seconds.
  path: Assets/Scenes/Graphics/Freeui/ZOSMA/Main/New Animator Override Controller.overrideController
  artifactKey: Guid(e5a8a8eb9bb75314fbe6303124d643c5) Importer(815301076,1909f56bfc062723c751e8b465ee728b)
Start importing Assets/Scenes/Graphics/Freeui/ZOSMA/Main/New Animator Override Controller.overrideController using Guid(e5a8a8eb9bb75314fbe6303124d643c5) Importer(815301076,1909f56bfc062723c751e8b465ee728b)  -> (artifact id: '84468022bc256dbe5c052288293817a0') in 0.007913 seconds 
========================================================================
Received Import Request.
  Time since last request: 0.000023 seconds.
  path: Assets/Scenes/Graphics/Freeui/ZOSMA/Main/Guildbotton.png
  artifactKey: Guid(6fb7c4e92abba1c47a569cdd755fcc4c) Importer(815301076,1909f56bfc062723c751e8b465ee728b)
Start importing Assets/Scenes/Graphics/Freeui/ZOSMA/Main/Guildbotton.png using Guid(6fb7c4e92abba1c47a569cdd755fcc4c) Importer(815301076,1909f56bfc062723c751e8b465ee728b)  -> (artifact id: '49cf259593bf55652840d33ea7948ce4') in 0.020101 seconds 
========================================================================
Received Import Request.
  Time since last request: 6.740910 seconds.
  path: Assets/Scenes/Graphics/Freeui/ZOSMA/Set/Back.png
  artifactKey: Guid(7b20bd7c1d6bf0a4c9eb3ffdd7bd421f) Importer(815301076,1909f56bfc062723c751e8b465ee728b)
Start importing Assets/Scenes/Graphics/Freeui/ZOSMA/Set/Back.png using Guid(7b20bd7c1d6bf0a4c9eb3ffdd7bd421f) Importer(815301076,1909f56bfc062723c751e8b465ee728b)  -> (artifact id: '954478d3ce12f8cc5eedecf228331b59') in 0.156305 seconds 
========================================================================
Received Import Request.
  Time since last request: 0.000021 seconds.
  path: Assets/Scenes/Graphics/Freeui/ZOSMA/Set/Decive.png
  artifactKey: Guid(96aea05a190fd204ea116d5ad834fc3e) Importer(815301076,1909f56bfc062723c751e8b465ee728b)
Start importing Assets/Scenes/Graphics/Freeui/ZOSMA/Set/Decive.png using Guid(96aea05a190fd204ea116d5ad834fc3e) Importer(815301076,1909f56bfc062723c751e8b465ee728b)  -> (artifact id: '93ade1a4501960c3275057626c15d019') in 0.065126 seconds 
========================================================================
Received Import Request.
  Time since last request: 0.000030 seconds.
  path: Assets/Scenes/Graphics/Freeui/ZOSMA/Set/Enter.png
  artifactKey: Guid(553b12781cfb17945a355190edf2412f) Importer(815301076,1909f56bfc062723c751e8b465ee728b)
Start importing Assets/Scenes/Graphics/Freeui/ZOSMA/Set/Enter.png using Guid(553b12781cfb17945a355190edf2412f) Importer(815301076,1909f56bfc062723c751e8b465ee728b)  -> (artifact id: '8de42442e2165bb98dad593d3f280789') in 0.060570 seconds 
========================================================================
Received Import Request.
  Time since last request: 1.287717 seconds.
  path: Assets/Scenes/Graphics/Freeui/ZOSMA/Stage/Card.png
  artifactKey: Guid(d00927981ae24934188ed5c5078e0328) Importer(815301076,1909f56bfc062723c751e8b465ee728b)
Start importing Assets/Scenes/Graphics/Freeui/ZOSMA/Stage/Card.png using Guid(d00927981ae24934188ed5c5078e0328) Importer(815301076,1909f56bfc062723c751e8b465ee728b)  -> (artifact id: '0a279c2eeba8c5d4fdf9634b5734a1f9') in 0.037640 seconds 
========================================================================
Received Import Request.
  Time since last request: 0.000023 seconds.
  path: Assets/Scenes/Graphics/Freeui/ZOSMA/Stage/Stageexplanation__.png
  artifactKey: Guid(c1b5df518ed3d3f4b82534aaa94ac393) Importer(815301076,1909f56bfc062723c751e8b465ee728b)
Start importing Assets/Scenes/Graphics/Freeui/ZOSMA/Stage/Stageexplanation__.png using Guid(c1b5df518ed3d3f4b82534aaa94ac393) Importer(815301076,1909f56bfc062723c751e8b465ee728b)  -> (artifact id: 'b1445f0f36eca85576894ab7f83c19e9') in 0.016057 seconds 
========================================================================
Received Import Request.
  Time since last request: 10.698225 seconds.
  path: Assets/Scenes/Graphics/Freeui/ZOSMA/Main/Back/Foldingpaper.png
  artifactKey: Guid(b17a705b1fccb414c9a1ca863d3ff64b) Importer(815301076,1909f56bfc062723c751e8b465ee728b)
Start importing Assets/Scenes/Graphics/Freeui/ZOSMA/Main/Back/Foldingpaper.png using Guid(b17a705b1fccb414c9a1ca863d3ff64b) Importer(815301076,1909f56bfc062723c751e8b465ee728b)  -> (artifact id: '9f25a901274d12539c0c69bb93e43db6') in 0.065611 seconds 
========================================================================
Received Import Request.
  Time since last request: 1.329034 seconds.
  path: Assets/Scenes/Graphics/Freeui/ZOSMA/Main/Materials/Gamebotton.mat
  artifactKey: Guid(457ad3c088f1bdd4b940d39efd9ed8be) Importer(815301076,1909f56bfc062723c751e8b465ee728b)
Start importing Assets/Scenes/Graphics/Freeui/ZOSMA/Main/Materials/Gamebotton.mat using Guid(457ad3c088f1bdd4b940d39efd9ed8be) Importer(815301076,1909f56bfc062723c751e8b465ee728b)  -> (artifact id: '8582de19b8b8be521fe3d322761cb892') in 0.012529 seconds 
========================================================================
Received Import Request.
  Time since last request: 506.824586 seconds.
  path: Packages/com.unity.collab-proxy/Editor/PlasticSCM/Assets/Images/loading.png
  artifactKey: Guid(c6b1bcaa3f4767141acd747384dbb276) Importer(815301076,1909f56bfc062723c751e8b465ee728b)
Start importing Packages/com.unity.collab-proxy/Editor/PlasticSCM/Assets/Images/loading.png using Guid(c6b1bcaa3f4767141acd747384dbb276) Importer(815301076,1909f56bfc062723c751e8b465ee728b)  -> (artifact id: 'a7e4e08826f851243369676a6b9cfcfa') in 0.024731 seconds 
========================================================================
Received Import Request.
  Time since last request: 0.879012 seconds.
  path: Packages/com.unity.collab-proxy/Editor/PlasticSCM/Assets/Images/iconprivateoverlay@2x.png
  artifactKey: Guid(40685941c1361aa4a957b61174bce3f6) Importer(815301076,1909f56bfc062723c751e8b465ee728b)
Start importing Packages/com.unity.collab-proxy/Editor/PlasticSCM/Assets/Images/iconprivateoverlay@2x.png using Guid(40685941c1361aa4a957b61174bce3f6) Importer(815301076,1909f56bfc062723c751e8b465ee728b)  -> (artifact id: 'e0813a81a2a8139024f5b35a3a0852e6') in 0.026432 seconds 
========================================================================
Received Import Request.
  Time since last request: 0.000024 seconds.
  path: Packages/com.unity.collab-proxy/Editor/PlasticSCM/Assets/Images/iconrepository.png
  artifactKey: Guid(ed64f3a17f2ede646be21ed6edc9161a) Importer(815301076,1909f56bfc062723c751e8b465ee728b)
Start importing Packages/com.unity.collab-proxy/Editor/PlasticSCM/Assets/Images/iconrepository.png using Guid(ed64f3a17f2ede646be21ed6edc9161a) Importer(815301076,1909f56bfc062723c751e8b465ee728b)  -> (artifact id: 'dfdb2815fb78b7b326c24a8cd57b681f') in 0.013598 seconds 
========================================================================
Received Import Request.
  Time since last request: 0.000021 seconds.
  path: Packages/com.unity.collab-proxy/Editor/PlasticSCM/Assets/Images/ignored.png
  artifactKey: Guid(595bc97bc8e1e0b46bd4c2148ba3723a) Importer(815301076,1909f56bfc062723c751e8b465ee728b)
Start importing Packages/com.unity.collab-proxy/Editor/PlasticSCM/Assets/Images/ignored.png using Guid(595bc97bc8e1e0b46bd4c2148ba3723a) Importer(815301076,1909f56bfc062723c751e8b465ee728b)  -> (artifact id: 'bb8869f7ea01465c97fd31ddfc0a5d6f') in 0.021792 seconds 
========================================================================
Received Import Request.
  Time since last request: 0.000019 seconds.
  path: Packages/com.unity.collab-proxy/Editor/PlasticSCM/Assets/Images/ignoredoverlay@2x.png
  artifactKey: Guid(999d04c0ea94ccc41b3d80788160695b) Importer(815301076,1909f56bfc062723c751e8b465ee728b)
Start importing Packages/com.unity.collab-proxy/Editor/PlasticSCM/Assets/Images/ignoredoverlay@2x.png using Guid(999d04c0ea94ccc41b3d80788160695b) Importer(815301076,1909f56bfc062723c751e8b465ee728b)  -> (artifact id: '5779f4dfdedfc95590e479ca13e5026e') in 0.026466 seconds 
Editor requested this worker to shutdown with reason: Scaling down because of idle timeout
AssetImportWorker is now disconnected from the server
Process exiting
Exiting without the bug reporter. Application will terminate with return code 0